[Thu Feb 23 11:40:15 2017] ::1:51019 [200]: /
[Thu Feb 23 11:40:15 2017] ::1:51025 [200]: /css/app.css
[Thu Feb 23 11:40:15 2017] ::1:51026 [200]: /favicon.ico
[Thu Feb 23 11:40:16 2017] ::1:51029 [200]: /
[Thu Feb 23 11:40:16 2017] ::1:51030 [200]: /css/app.css
[Thu Feb 23 11:40:16 2017] ::1:51031 [200]: /favicon.ico
[Thu Feb 23 11:40:34 2017] ::1:51039 [200]: /
[Thu Feb 23 11:40:34 2017] ::1:51040 [200]: /css/app.css
[Thu Feb 23 11:40:35 2017] ::1:51041 [200]: /favicon.ico
[Thu Feb 23 11:41:39 2017] ::1:51079 [200]: /calendar
[Thu Feb 23 11:41:39 2017] ::1:51080 [200]: /css/app.css
[Thu Feb 23 11:41:39 2017] ::1:51081 [200]: /api/calendar?start=2017-01-29&end=2017-03-05&_=1487821299370
[Thu Feb 23 11:41:39 2017] ::1:51092 [200]: /favicon.ico
[Thu Feb 23 11:43:21 2017] ::1:51258 [500]: /calendar
[Thu Feb 23 11:43:21 2017] ::1:51260 [200]: /favicon.ico
[Thu Feb 23 11:43:26 2017] ::1:51266 [200]: /api/calendar?start=2017-01-29&end=2017-03-05&_=1487821406096
[Thu Feb 23 11:43:26 2017] ::1:51267 [200]: /favicon.ico
[Thu Feb 23 11:43:57 2017] ::1:51268 Invalid request (Unexpected EOF)
[Thu Feb 23 11:43:57 2017] ::1:51269 Invalid request (Unexpected EOF)
[Thu Feb 23 11:43:57 2017] ::1:51294 [302]: /calendar
[Thu Feb 23 11:43:57 2017] ::1:51296 [200]: /calendar
[Thu Feb 23 11:43:57 2017] ::1:51298 [200]: /css/app.css
[Thu Feb 23 11:43:58 2017] ::1:51299 [200]: /api/calendar?start=2017-01-29&end=2017-03-05&_=1487821437995
[Thu Feb 23 11:43:58 2017] ::1:51301 [200]: /favicon.ico
[Thu Feb 23 11:44:01 2017] ::1:51303 [200]: /api/calendar?start=2017-02-26&end=2017-04-02&_=1487821437996
[Thu Feb 23 11:44:02 2017] ::1:51305 [200]: /api/calendar?start=2017-03-26&end=2017-05-07&_=1487821437997
[Thu Feb 23 11:44:06 2017] ::1:51307 [200]: /api/calendar?start=2017-02-26&end=2017-04-02&_=1487821437998
[Thu Feb 23 11:44:27 2017] ::1:51317 [302]: /calendar
[Thu Feb 23 11:44:27 2017] ::1:51320 [200]: /calendar
[Thu Feb 23 11:44:27 2017] ::1:51322 [200]: /css/app.css
[Thu Feb 23 11:44:27 2017] ::1:51323 [200]: /api/calendar?start=2017-01-29&end=2017-03-05&_=1487821467342
[Thu Feb 23 11:44:27 2017] ::1:51325 [200]: /favicon.ico
[Thu Feb 23 11:44:30 2017] ::1:51330 [200]: /
[Thu Feb 23 11:44:30 2017] ::1:51332 [200]: /css/app.css
[Thu Feb 23 11:44:30 2017] ::1:51334 [200]: /favicon.ico
[Thu Feb 23 11:44:47 2017] ::1:51340 [200]: /api/calendar?start=2017-02-19&end=2017-02-26&_=1487821470838
[Thu Feb 23 11:44:47 2017] ::1:51341 [200]: /favicon.ico
[Thu Feb 23 11:44:48 2017] ::1:51346 [200]: /api/calendar?start=2017-02-26&end=2017-03-05&_=1487821470839
[Thu Feb 23 11:44:49 2017] ::1:51349 [200]: /api/calendar?start=2017-03-05&end=2017-03-12&_=1487821470840
[Thu Feb 23 11:44:50 2017] ::1:51352 [200]: /api/calendar?start=2017-03-12&end=2017-03-19&_=1487821470841
[Thu Feb 23 11:44:51 2017] ::1:51354 [200]: /api/calendar?start=2017-03-19&end=2017-03-26&_=1487821470842
[Thu Feb 23 11:44:52 2017] ::1:51356 [200]: /api/calendar?start=2017-03-26&end=2017-04-02&_=1487821470843
[Thu Feb 23 11:44:52 2017] ::1:51358 [200]: /api/calendar?start=2017-02-19&end=2017-02-26&_=1487821470844
[Thu Feb 23 11:44:54 2017] ::1:51360 [200]: /api/calendar?start=2017-02-26&end=2017-03-05&_=1487821470845
[Thu Feb 23 11:44:55 2017] ::1:51362 [200]: /api/calendar?start=2017-03-05&end=2017-03-12&_=1487821470846
[Thu Feb 23 11:44:56 2017] ::1:51365 [200]: /api/calendar?start=2017-03-12&end=2017-03-19&_=1487821470847
[Thu Feb 23 11:44:57 2017] ::1:51367 [200]: /api/calendar?start=2017-03-19&end=2017-03-26&_=1487821470848
[Thu Feb 23 11:44:58 2017] ::1:51371 [200]: /api/calendar?start=2017-03-26&end=2017-04-02&_=1487821470849
[Thu Feb 23 11:44:59 2017] ::1:51373 [200]: /api/calendar?start=2017-02-19&end=2017-02-26&_=1487821470850
[Thu Feb 23 11:45:00 2017] ::1:51375 [200]: /api/calendar?start=2017-02-26&end=2017-03-05&_=1487821470851
[Thu Feb 23 11:45:00 2017] ::1:51377 [200]: /api/calendar?start=2017-03-05&end=2017-03-12&_=1487821470852
[Thu Feb 23 11:45:01 2017] ::1:51380 [200]: /api/calendar?start=2017-03-12&end=2017-03-19&_=1487821470853
[Thu Feb 23 11:45:02 2017] ::1:51382 [200]: /api/calendar?start=2017-03-19&end=2017-03-26&_=1487821470854
[Thu Feb 23 11:45:03 2017] ::1:51384 [200]: /api/calendar?start=2017-03-26&end=2017-04-02&_=1487821470855
[Thu Feb 23 11:45:04 2017] ::1:51386 [200]: /api/calendar?start=2017-04-02&end=2017-04-09&_=1487821470856
[Thu Feb 23 11:45:05 2017] ::1:51388 [200]: /api/calendar?start=2017-04-09&end=2017-04-16&_=1487821470857
[Thu Feb 23 11:45:06 2017] ::1:51390 [200]: /api/calendar?start=2017-04-02&end=2017-04-09&_=1487821470858
[Thu Feb 23 11:45:10 2017] ::1:51395 [200]: /api/calendar?start=2017-04-09&end=2017-04-16&_=1487821470859
[Thu Feb 23 11:45:10 2017] ::1:51398 [200]: /api/calendar?start=2017-04-16&end=2017-04-23&_=1487821470860
[Thu Feb 23 11:45:11 2017] ::1:51400 [200]: /api/calendar?start=2017-04-23&end=2017-04-30&_=1487821470861
[Thu Feb 23 11:45:12 2017] ::1:51403 [200]: /api/calendar?start=2017-04-30&end=2017-05-07&_=1487821470862
[Thu Feb 23 11:45:14 2017] ::1:51405 [200]: /api/calendar?start=2017-05-07&end=2017-05-14&_=1487821470863
[Thu Feb 23 11:45:16 2017] ::1:51408 [200]: /api/calendar?start=2017-05-14&end=2017-05-21&_=1487821470864
[Thu Feb 23 11:45:17 2017] ::1:51411 [200]: /api/calendar?start=2017-05-21&end=2017-05-28&_=1487821470865
[Thu Feb 23 11:45:20 2017] ::1:51415 [200]: /
[Thu Feb 23 11:45:20 2017] ::1:51417 [200]: /css/app.css
[Thu Feb 23 11:45:20 2017] ::1:51418 [200]: /favicon.ico
[Thu Feb 23 11:46:04 2017] ::1:51419 Invalid request (Unexpected EOF)
[Thu Feb 23 11:48:22 2017] ::1:51508 [200]: /
[Thu Feb 23 11:48:22 2017] ::1:51509 [200]: /css/app.css
[Thu Feb 23 11:48:22 2017] ::1:51510 [200]: /favicon.ico
[Thu Feb 23 11:52:05 2017] ::1:51658 [200]: /calendar
[Thu Feb 23 11:52:05 2017] ::1:51659 [200]: /css/app.css
[Thu Feb 23 11:52:05 2017] ::1:51660 [200]: /api/calendar?start=2017-01-29&end=2017-03-05&_=1487821925356
[Thu Feb 23 11:52:05 2017] ::1:51663 [200]: /favicon.ico
[Thu Feb 23 11:52:45 2017] ::1:51686 [302]: /calendar
[Thu Feb 23 11:52:45 2017] ::1:51688 [200]: /calendar
[Thu Feb 23 11:52:45 2017] ::1:51690 [200]: /css/app.css
[Thu Feb 23 11:52:46 2017] ::1:51691 [200]: /api/calendar?start=2017-01-29&end=2017-03-05&_=1487821965999
[Thu Feb 23 11:52:46 2017] ::1:51692 [200]: /favicon.ico
[Thu Feb 23 11:52:48 2017] ::1:51694 [200]: /
[Thu Feb 23 11:52:48 2017] ::1:51696 [200]: /css/app.css
[Thu Feb 23 11:52:48 2017] ::1:51698 [200]: /favicon.ico
[Thu Feb 23 11:53:14 2017] ::1:51713 [200]: /
[Thu Feb 23 11:53:14 2017] ::1:51714 [200]: /css/app.css
[Thu Feb 23 11:53:15 2017] ::1:51715 [200]: /favicon.ico
[Thu Feb 23 11:59:10 2017] ::1:51920 [200]: /
[Thu Feb 23 11:59:10 2017] ::1:51921 [200]: /css/app.css
[Thu Feb 23 11:59:10 2017] ::1:51922 [200]: /favicon.ico
[Thu Feb 23 12:02:27 2017] ::1:52222 [200]: /favicon.ico
[Thu Feb 23 12:02:27 2017] ::1:52223 [200]: /favicon.ico
[Thu Feb 23 12:02:28 2017] ::1:52224 [200]: /favicon.ico
[Thu Feb 23 12:02:33 2017] ::1:52225 [200]: /favicon.ico
[Thu Feb 23 12:02:37 2017] ::1:52227 [200]: /favicon.ico
[Thu Feb 23 12:04:33 2017] ::1:52237 [200]: /
[Thu Feb 23 12:04:33 2017] ::1:52242 [200]: /css/app.css
[Thu Feb 23 12:04:33 2017] ::1:52243 [200]: /favicon.ico
[Thu Feb 23 12:08:48 2017] ::1:52518 [200]: /
[Thu Feb 23 12:08:48 2017] ::1:52519 [200]: /css/app.css
[Thu Feb 23 12:08:48 2017] ::1:52520 [200]: /favicon.ico
[Thu Feb 23 22:32:44 2017] ::1:54425 [200]: /
[Thu Feb 23 22:32:44 2017] ::1:54433 [200]: /css/app.css
[Thu Feb 23 22:32:44 2017] ::1:54434 [200]: /favicon.ico
[Fri Feb 24 00:19:46 2017] ::1:55071 [200]: /
[Fri Feb 24 00:19:46 2017] ::1:55072 [200]: /css/app.css
[Fri Feb 24 00:19:47 2017] ::1:55073 [200]: /favicon.ico
[Fri Feb 24 00:32:52 2017] ::1:56551 [200]: /
[Fri Feb 24 00:32:52 2017] ::1:56552 [200]: /css/app.css
[Fri Feb 24 00:32:52 2017] ::1:56553 [200]: /favicon.ico
[Fri Feb 24 01:16:38 2017] ::1:56812 [200]: /
[Fri Feb 24 01:16:38 2017] ::1:56821 [200]: /css/app.css
[Fri Feb 24 01:16:38 2017] ::1:56822 [200]: /favicon.ico
[Fri Feb 24 01:32:15 2017] ::1:57717 [200]: /
[Fri Feb 24 01:32:15 2017] ::1:57726 [200]: /css/app.css
[Fri Feb 24 01:32:15 2017] ::1:57727 [200]: /[Fri Feb 24 12:57:29 2017] ::1:49556 [200]: /
[Fri Feb 24 12:57:29 2017] ::1:49558 [200]: /css/app.css
[Fri Feb 24 12:57:30 2017] ::1:49561 [200]: /favicon.ico
[Fri Feb 24 12:59:17 2017] ::1:49629 [200]: /
[Fri Feb 24 12:59:17 2017] ::1:49630 [200]: /css/app.css
[Fri Feb 24 12:59:18 2017] ::1:49639 [200]: /favicon.ico
[Fri Feb 24 13:02:59 2017] ::1:49735 [200]: /
[Fri Feb 24 13:02:59 2017] ::1:49736 [200]: /css/app.css
[Fri Feb 24 13:03:00 2017] ::1:49737 [200]: /favicon.ico
[Fri Feb 24 13:03:04 2017] ::1:49747 [200]: /api/calendar?start=2017-02-19&end=2017-02-26&_=1487912580054
[Fri Feb 24 13:03:04 2017] ::1:49748 [200]: /favicon.ico
[Fri Feb 24 13:03:06 2017] ::1:49750 [200]: /api/calendar?start=2017-02-26&end=2017-03-05&_=1487912580055
[Fri Feb 24 13:03:07 2017] ::1:49752 [200]: /api/calendar?start=2017-03-05&end=2017-03-12&_=1487912580056
[Fri Feb 24 13:03:09 2017] ::1:49754 [200]: /api/calendar?start=2017-03-12&end=2017-03-19&_=1487912580057
[Fri Feb 24 13:03:12 2017] ::1:49757 [200]: /api/calendar?start=2017-03-19&end=2017-03-26&_=1487912580058
[Fri Feb 24 13:03:27 2017] ::1:49762 [200]: /favicon.ico
[Fri Feb 24 13:03:44 2017] ::1:49767 [200]: /
[Fri Feb 24 13:03:44 2017] ::1:49775 [200]: /css/app.css
[Fri Feb 24 13:03:44 2017] ::1:49776 [200]: /favicon.ico
[Fri Feb 24 13:03:54 2017] ::1:49777 Invalid request (Unexpected EOF)
[Fri Feb 24 13:03:54 2017] ::1:49778 Invalid request (Unexpected EOF)
[Fri Feb 24 13:04:32 2017] ::1:49819 [200]: /
[Fri Feb 24 13:04:32 2017] ::1:49820 [200]: /css/app.css
[Fri Feb 24 13:04:32 2017] ::1:49821 [200]: /favicon.ico
[Fri Feb 24 13:04:57 2017] ::1:49822 Invalid request (Unexpected EOF)
[Fri Feb 24 13:05:55 2017] ::1:49848 [200]: /
[Fri Feb 24 13:05:55 2017] ::1:49849 [200]: /css/app.css
[Fri Feb 24 13:05:55 2017] ::1:49850 [200]: /favicon.ico
[Fri Feb 24 13:06:04 2017] ::1:49851 [200]: /
[Fri Feb 24 13:06:04 2017] ::1:49866 [200]: /css/app.css
[Fri Feb 24 13:06:04 2017] ::1:49867 [200]: /favicon.ico
[Fri Feb 24 13:06:16 2017] ::1:49868 Invalid request (Unexpected EOF)
[Fri Feb 24 13:06:17 2017] ::1:49871 [200]: /
[Fri Feb 24 13:06:17 2017] ::1:49879 [200]: /css/app.css
[Fri Feb 24 13:06:17 2017] ::1:49880 [200]: /favicon.ico
[Fri Feb 24 13:06:38 2017] ::1:49881 Invalid request (Unexpected EOF)
[Fri Feb 24 13:06:38 2017] ::1:49889 [200]: /
[Fri Feb 24 13:06:38 2017] ::1:49897 [200]: /css/app.css
[Fri Feb 24 13:06:38 2017] ::1:49898 [200]: /favicon.ico
[Fri Feb 24 13:06:52 2017] ::1:49899 Invalid request (Unexpected EOF)
[Fri Feb 24 13:06:55 2017] ::1:49909 [200]: /
[Fri Feb 24 13:06:55 2017] ::1:49910 [200]: /css/app.css
[Fri Feb 24 13:06:56 2017] ::1:49911 [200]: /favicon.ico
[Fri Feb 24 13:07:14 2017] ::1:49912 Invalid request (Unexpected EOF)
[Fri Feb 24 13:07:14 2017] ::1:49924 [200]: /
[Fri Feb 24 13:07:14 2017] ::1:49932 [200]: /css/app.css
[Fri Feb 24 13:07:14 2017] ::1:49933 [200]: /favicon.ico
[Fri Feb 24 13:07:58 2017] ::1:49934 Invalid request (Unexpected EOF)
[Fri Feb 24 13:08:17 2017] ::1:50045 [200]: /favicon.ico
[Fri Feb 24 13:08:18 2017] ::1:50046 [200]: /favicon.ico
[Fri Feb 24 13:11:39 2017] ::1:50083 [200]: /
[Fri Feb 24 13:11:39 2017] ::1:50084 [200]: /css/app.css
[Fri Feb 24 13:11:39 2017] ::1:50085 [200]: /favicon.ico
[Fri Feb 24 13:11:57 2017] ::1:50086 Invalid request (Unexpected EOF)
[Fri Feb 24 13:12:40 2017] ::1:50108 [200]: /
[Fri Feb 24 13:12:40 2017] ::1:50109 [200]: /css/app.css
[Fri Feb 24 13:12:40 2017] ::1:50110 [200]: /favicon.ico
[Fri Feb 24 13:12:47 2017] ::1:50111 [200]: /
[Fri Feb 24 13:12:47 2017] ::1:50130 [200]: /css/app.css
[Fri Feb 24 13:12:48 2017] ::1:50131 [200]: /favicon.ico
[Fri Feb 24 13:12:50 2017] ::1:50132 [200]: /css/app.css
[Fri Feb 24 13:12:51 2017] ::1:50137 [200]: /css/app.css.map
[Fri Feb 24 13:13:21 2017] ::1:50149 [200]: /
[Fri Feb 24 13:13:21 2017] ::1:50158 [200]: /css/app.css
[Fri Feb 24 13:13:21 2017] ::1:50159 [200]: /favicon.ico
[Fri Feb 24 13:13:33 2017] ::1:50160 Invalid request (Unexpected EOF)
[Fri Feb 24 13:13:51 2017] ::1:50174 [200]: /
[Fri Feb 24 13:13:51 2017] ::1:50175 [200]: /css/app.css
[Fri Feb 24 13:13:51 2017] ::1:50176 [200]: /favicon.ico
[Fri Feb 24 13:13:57 2017] ::1:50177 [200]: /
[Fri Feb 24 13:13:57 2017] ::1:50195 [200]: /css/app.css
[Fri Feb 24 13:13:57 2017] ::1:50196 [200]: /favicon.ico
[Fri Feb 24 13:14:17 2017] ::1:50197 Invalid request (Unexpected EOF)
[Fri Feb 24 13:14:17 2017] ::1:50207 [200]: /
[Fri Feb 24 13:14:17 2017] ::1:50216 [200]: /css/app.css
[Fri Feb 24 13:14:18 2017] ::1:50217 [200]: /favicon.ico
[Fri Feb 24 13:14:28 2017] ::1:50218 Invalid request (Unexpected EOF)
[Fri Feb 24 13:14:30 2017] ::1:50231 [200]: /
[Fri Feb 24 13:14:30 2017] ::1:50240 [200]: /css/app.css
[Fri Feb 24 13:14:31 2017] ::1:50241 [200]: /favicon.ico
[Fri Feb 24 13:14:46 2017] ::1:50242 Invalid request (Unexpected EOF)
[Fri Feb 24 13:14:46 2017] ::1:50251 [200]: /
[Fri Feb 24 13:14:46 2017] ::1:50260 [200]: /css/app.css
[Fri Feb 24 13:14:46 2017] ::1:50261 [200]: /favicon.ico
[Fri Feb 24 13:14:56 2017] ::1:50262 Invalid request (Unexpected EOF)
[Fri Feb 24 13:15:09 2017] ::1:50299 [200]: /css/app.css
[Fri Feb 24 13:15:10 2017] ::1:50300 [200]: /css/app.css.map
[Fri Feb 24 13:16:47 2017] ::1:50357 [200]: /
[Fri Feb 24 13:16:47 2017] ::1:50359 [200]: /css/app.css
[Fri Feb 24 13:16:47 2017] ::1:50361 [200]: /css/app.css.map
[Fri Feb 24 13:16:47 2017] ::1:50363 [200]: /favicon.ico
[Fri Feb 24 13:16:53 2017] ::1:50369 [200]: /
[Fri Feb 24 13:16:53 2017] ::1:50371 [200]: /css/app.css
[Fri Feb 24 13:16:53 2017] ::1:50372 [200]: /css/app.css.map
[Fri Feb 24 13:16:53 2017] ::1:50374 [200]: /favicon.ico
[Fri Feb 24 13:17:14 2017] ::1:50387 [200]: /
[Fri Feb 24 13:17:15 2017] ::1:50389 [200]: /css/app.css
[Fri Feb 24 13:17:15 2017] ::1:50390 [200]: /css/app.css.map
[Fri Feb 24 13:17:15 2017] ::1:50392 [200]: /favicon.ico
[Fri Feb 24 13:18:50 2017] ::1:50470 [200]: /
[Fri Feb 24 13:18:50 2017] ::1:50472 [200]: /css/app.css
[Fri Feb 24 13:18:50 2017] ::1:50475 [200]: /css/app.css.map
[Fri Feb 24 13:18:50 2017] ::1:50476 [200]: /favicon.ico
[Fri Feb 24 13:21:00 2017] ::1:50595 [200]: /
[Fri Feb 24 13:21:00 2017] ::1:50601 [200]: /css/app.css
[Fri Feb 24 13:21:00 2017] ::1:50602 [200]: /favicon.ico
[Fri Feb 24 13:21:08 2017] ::1:50603 [200]: /
[Fri Feb 24 13:21:08 2017] ::1:50604 [200]: /css/app.css
[Fri Feb 24 13:21:09 2017] ::1:50605 [200]: /favicon.ico
[Fri Feb 24 13:21:10 2017] ::1:50639 [200]: /
[Fri Feb 24 13:21:10 2017] ::1:50640 [200]: /css/app.css
[Fri Feb 24 13:21:10 2017] ::1:50648 [200]: /favicon.ico
[Fri Feb 24 13:21:23 2017] ::1:50649 Invalid request (Unexpected EOF)
[Fri Feb 24 13:21:23 2017] ::1:50650 Invalid request (Unexpected EOF)
[Fri Feb 24 13:21:25 2017] ::1:50662 [200]: /
[Fri Feb 24 13:21:25 2017] ::1:50672 [200]: /css/app.css
[Fri Feb 24 13:21:25 2017] ::1:50673 [200]: /favicon.ico
[Fri Feb 24 13:21:31 2017] ::1:50674 [200]: /
[Fri Feb 24 13:21:31 2017] ::1:50689 [200]: /css/app.css
[Fri Feb 24 13:21:31 2017] ::1:50690 [200]: /favicon.ico
[Fri Feb 24 13:21:41 2017] ::1:50691 Invalid request (Unexpected EOF)
[Fri Feb 24 13:23:17 2017] ::1:50801 [200]: /
[Fri Feb 24 13:23:17 2017] ::1:50802 [200]: /css/app.css
[Fri Feb 24 13:23:17 2017] ::1:50803 [200]: /favicon.ico
[Fri Feb 24 13:23:26 2017] ::1:50804 [200]: /
[Fri Feb 24 13:23:26 2017] ::1:50825 [200]: /css/app.css
[Fri Feb 24 13:23:26 2017] ::1:50826 [200]: /favicon.ico
[Fri Feb 24 13:23:38 2017] ::1:50827 Invalid request (Unexpected EOF)
[Fri Feb 24 13:23:43 2017] ::1:50850 [200]: /
[Fri Feb 24 13:23:43 2017] ::1:50862 [200]: /css/app.css
[Fri Feb 24 13:23:43 2017] ::1:50863 [200]: /favicon.ico
[Fri Feb 24 13:23:54 2017] ::1:50864 Invalid request (Unexpected EOF)
[Fri Feb 24 13:23:57 2017] ::1:50879 [200]: /
[Fri Feb 24 13:23:57 2017] ::1:50891 [200]: /css/app.css
[Fri Feb 24 13:23:57 2017] ::1:50892 [200]: /favicon.ico
[Fri Feb 24 13:24:09 2017] ::1:50893 Invalid request (Unexpected EOF)
[Fri Feb 24 13:24:14 2017] ::1:50919 [200]: /
[Fri Feb 24 13:24:14 2017] ::1:50931 [200]: /css/app.css
[Fri Feb 24 13:24:14 2017] ::1:50932 [200]: /favicon.ico
[Fri Feb 24 13:24:19 2017] ::1:50933 [200]: /
[Fri Feb 24 13:24:19 2017] ::1:50944 [200]: /css/app.css
[Fri Feb 24